<?xml version="1.0" encoding="UTF-8"?>
<!-- Generated by org.testng.reporters.JUnitReportReporter -->
<testsuite hostname="LAPTOP-4S1GC75Q" failures="0" tests="2" name="com.RestApi.Test01_GET" time="5.834" errors="0" timestamp="2022-06-14T16:15:22 IST" skipped="0">
  <testcase classname="com.RestApi.Test01_GET" name="test_01" time="3.706"/>
  <system-out/>
  <testcase classname="com.RestApi.Test01_GET" name="test_02" time="2.128"/>
  <system-out/>
</testsuite> <!-- com.RestApi.Test01_GET -->
