<?xml version="1.0" encoding="UTF-8"?>
<!-- Generated by org.testng.reporters.JUnitReportReporter -->
<testsuite hostname="LAPTOP-4S1GC75Q" failures="0" tests="3" name="com.RestApi.HttpRequests" time="8.529" errors="0" timestamp="2023-05-29T22:33:33 IST" skipped="0">
  <testcase classname="com.RestApi.HttpRequests" name="getusers" time="6.032"/>
  <system-out/>
  <testcase classname="com.RestApi.HttpRequests" name="create" time="1.968"/>
  <system-out/>
  <testcase classname="com.RestApi.HttpRequests" name="put" time="0.529"/>
  <system-out/>
</testsuite> <!-- com.RestApi.HttpRequests -->
